<?xml version="1.0" encoding="UTF-8"?>
<testsuite xmlns:xsi="http://www.w3.org/2001/XMLSchema-instance" xsi:noNamespaceSchemaLocation="https://maven.apache.org/surefire/maven-surefire-plugin/xsd/surefire-test-report-3.0.xsd" version="3.0" name="testesCode.CodeTestConstructor" time="0.083" tests="9" errors="0" skipped="0" failures="0">
  <properties>
[...]
</properties>
  <testcase name="testeConstrutor1" classname="testesCode.CodeTestConstructor" time="0.042"/>
  <testcase name="testeConstrutor2" classname="testesCode.CodeTestConstructor" time="0.001"/>
  <testcase name="testeConstrutor3" classname="testesCode.CodeTestConstructor" time="0.002"/>
  <testcase name="testeConstrutor4" classname="testesCode.CodeTestConstructor" time="0.002"/>
  <testcase name="testeConstrutor5" classname="testesCode.CodeTestConstructor" time="0.001"/>
  <testcase name="testeConstrutor6" classname="testesCode.CodeTestConstructor" time="0.002"/>
  <testcase name="testeConstrutor7" classname="testesCode.CodeTestConstructor" time="0.001"/>
  <testcase name="testeConstrutor8" classname="testesCode.CodeTestConstructor" time="0.002"/>
  <testcase name="testeConstrutor9" classname="testesCode.CodeTestConstructor" time="0.002"/>
</testsuite>